time="2026-04-29T20:51:58+08:00" level=warning msg="/root/.openclaw/workspace/oneclickvirt/docker-compose.yaml: the attribute `version` is obsolete, it will be ignored, please remove it to avoid potential confusion"
 Image oneclickvirt:fixed Building 
 Image oneclickvirt:fixed Building 
 Image oneclickvirt:fixed Building 
#1 [internal] load local bake definitions
#1 reading from stdin 1.53kB done
#1 DONE 0.0s

#2 [oneclickvirt-init internal] load build definition from Dockerfile
#2 transferring dockerfile: 19.15kB 0.0s done
#2 DONE 0.0s

#3 [oneclickvirt-web internal] load metadata for docker.io/library/golang:1.25-alpine
#3 DONE 0.5s

#4 [oneclickvirt-web internal] load metadata for docker.io/library/debian:12-slim
#4 DONE 0.5s

#5 [oneclickvirt-web internal] load metadata for docker.io/library/node:22-slim
#5 DONE 0.5s

#6 [oneclickvirt-api internal] load .dockerignore
#6 transferring context: 2B done
#6 DONE 0.0s

#7 [oneclickvirt-api internal] load build context
#7 DONE 0.0s

#8 [oneclickvirt-api stage-2  1/21] FROM docker.io/library/debian:12-slim@sha256:f9c6a2fd2ddbc23e336b6257a5245e31f996953ef06cd13a59fa0a1df2d5c252
#8 resolve docker.io/library/debian:12-slim@sha256:f9c6a2fd2ddbc23e336b6257a5245e31f996953ef06cd13a59fa0a1df2d5c252 0.1s done
#8 resolve docker.io/library/debian:12-slim@sha256:f9c6a2fd2ddbc23e336b6257a5245e31f996953ef06cd13a59fa0a1df2d5c252 0.1s done
#8 CACHED

#9 [oneclickvirt-init backend-builder 1/6] FROM docker.io/library/golang:1.25-alpine@sha256:5caaf1cca9dc351e13deafbc3879fd4754801acba8653fa9540cea125d01a71f
#9 resolve docker.io/library/golang:1.25-alpine@sha256:5caaf1cca9dc351e13deafbc3879fd4754801acba8653fa9540cea125d01a71f 0.1s done
#9 DONE 0.1s

#10 [oneclickvirt-init frontend-builder 1/7] FROM docker.io/library/node:22-slim@sha256:d415caac2f1f77b98caaf9415c5f807e14bc8d7bdea62561ea2fef4fbd08a73c
#10 resolve docker.io/library/node:22-slim@sha256:d415caac2f1f77b98caaf9415c5f807e14bc8d7bdea62561ea2fef4fbd08a73c 0.1s done
#10 DONE 0.1s

#7 [oneclickvirt-init internal] load build context
#7 transferring context: 2.10MB 2.8s done
#7 DONE 2.9s

#11 [oneclickvirt-init backend-builder 2/6] WORKDIR /app/server
#11 CACHED

#12 [oneclickvirt-web backend-builder 3/6] RUN apk add --no-cache git ca-certificates
#12 CACHED

#13 [oneclickvirt-init frontend-builder 5/7] RUN if [ "amd64" = "amd64" ]; then         npm install --no-save @rollup/rollup-linux-x64-gnu;     elif [ "amd64" = "arm64" ]; then         npm install --no-save @rollup/rollup-linux-arm64-gnu;     fi
#13 CACHED

#14 [oneclickvirt-init frontend-builder 2/7] WORKDIR /app/web
#14 CACHED

#15 [oneclickvirt-init frontend-builder 3/7] COPY web/package*.json ./
#15 CACHED

#16 [oneclickvirt-init frontend-builder 4/7] RUN npm install --legacy-peer-deps
#16 CACHED

#17 [oneclickvirt-init frontend-builder 6/7] COPY web/ ./
#17 CACHED

#14 [oneclickvirt-web frontend-builder 2/7] WORKDIR /app/web
#14 CACHED

#15 [oneclickvirt-web frontend-builder 3/7] COPY web/package*.json ./
#15 CACHED

#16 [oneclickvirt-web frontend-builder 4/7] RUN npm install --legacy-peer-deps
#16 CACHED

#13 [oneclickvirt-web frontend-builder 5/7] RUN if [ "amd64" = "amd64" ]; then         npm install --no-save @rollup/rollup-linux-x64-gnu;     elif [ "amd64" = "arm64" ]; then         npm install --no-save @rollup/rollup-linux-arm64-gnu;     fi
#13 CACHED

#18 [oneclickvirt-init frontend-builder 7/7] RUN ls -la && npm run build
#18 ...

#19 [oneclickvirt-init backend-builder 4/6] COPY server/ ./
#19 DONE 0.8s

#18 [oneclickvirt-init frontend-builder 7/7] RUN ls -la && npm run build
#18 0.770 total 672
#18 0.770 drwxr-xr-x  1 root root   4096 Apr 26 10:08 .
#18 0.770 drwxr-xr-x  1 root root     17 Apr 29 12:36 ..
#18 0.770 -rw-r--r--  1 root root    150 Apr 24 05:39 .env
#18 0.770 -rw-r--r--  1 root root    161 Apr 24 05:39 .env.development
#18 0.770 -rw-r--r--  1 root root    230 Apr 24 05:39 .env.production
#18 0.770 -rw-r--r--  1 root root    200 Apr 24 05:39 Dockerfile
#18 0.770 drwxr-xr-x  4 root root     48 Apr 26 10:08 dist
#18 0.770 -rw-r--r--  1 root root    849 Apr 24 05:39 eslint.config.js
#18 0.770 -rw-r--r--  1 root root    385 Apr 24 05:39 index.html
#18 0.770 -rw-r--r--  1 root root   1003 Apr 24 05:39 install-now.bat
#18 0.770 -rw-r--r--  1 root root 134427 Apr 24 05:39 logo.ico
#18 0.770 -rw-r--r--  1 root root 383609 Apr 24 05:39 logo.png
#18 0.770 drwxr-xr-x  1 root root   8192 Apr 26 10:06 node_modules
#18 0.770 -rw-r--r--  1 root root 110783 Apr 26 10:06 package-lock.json
#18 0.770 -rw-r--r--  1 root root   1130 Apr 24 05:39 package.json
#18 0.770 drwxr-xr-x 12 root root    175 Apr 24 05:39 src
#18 0.770 -rw-r--r--  1 root root   1282 Apr 24 05:39 vite.config.js
#18 1.065 
#18 1.065 > oneclickvirt-web@1.0.0 build
#18 1.065 > vite build
#18 1.065 
#18 1.816 vite v6.3.5 building for production...
#18 2.081 transforming...
#18 ...

#20 [oneclickvirt-init stage-2  2/21] RUN apt-get update --allow-insecure-repositories &&     DEBIAN_FRONTEND=noninteractive apt-get install -y --allow-unauthenticated         gnupg2 wget lsb-release procps nginx supervisor ca-certificates openssl python3 python3-venv python3-pip &&     if [ "amd64" = "amd64" ]; then         echo "Installing MySQL for AMD64..." &&         gpg --keyserver keyserver.ubuntu.com --recv-keys B7B3B788A8D3785C &&         gpg --export B7B3B788A8D3785C > /usr/share/keyrings/mysql.gpg &&         echo "deb [signed-by=/usr/share/keyrings/mysql.gpg] http://repo.mysql.com/apt/debian bookworm mysql-8.0" > /etc/apt/sources.list.d/mysql.list &&         apt-get update --allow-insecure-repositories &&         DEBIAN_FRONTEND=noninteractive apt-get install -y --allow-unauthenticated mysql-server mysql-client;     else         echo "Installing MariaDB for ARM64..." &&         DEBIAN_FRONTEND=noninteractive apt-get install -y --allow-unauthenticated mariadb-server mariadb-client;     fi &&     apt-get update --allow-insecure-repositories &&     DEBIAN_FRONTEND=noninteractive apt-get install -y --allow-unauthenticated certbot python3-certbot-nginx &&     apt-get clean
#20 0.959 Get:1 http://deb.debian.org/debian bookworm InRelease [151 kB]
#20 0.992 Get:2 http://deb.debian.org/debian bookworm-updates InRelease [55.4 kB]
#20 0.993 Get:3 http://deb.debian.org/debian-security bookworm-security InRelease [48.0 kB]
#20 1.300 Get:4 http://deb.debian.org/debian bookworm/main amd64 Packages [8792 kB]
#20 2.214 Get:5 http://deb.debian.org/debian bookworm-updates/main amd64 Packages [6924 B]
#20 2.219 Get:6 http://deb.debian.org/debian-security bookworm-security/main amd64 Packages [297 kB]
#20 4.290 Fetched 9350 kB in 3s (2725 kB/s)
#20 4.290 Reading package lists...
#20 5.744 Reading package lists...
#20 7.345 Building dependency tree...
#20 7.784 Reading state information...
#20 8.515 The following additional packages will be installed:
#20 8.515   binutils binutils-common binutils-x86-64-linux-gnu build-essential bzip2 cpp
#20 8.516   cpp-12 dirmngr dpkg-dev fakeroot fontconfig-config fonts-dejavu-core g++
#20 8.516   g++-12 gcc gcc-12 gnupg gnupg-l10n gnupg-utils gpg gpg-agent gpg-wks-client
#20 8.518   gpg-wks-server gpgconf gpgsm iproute2 javascript-common krb5-locales
#20 8.518   libabsl20220623 libalgorithm-diff-perl libalgorithm-diff-xs-perl
#20 8.518   libalgorithm-merge-perl libaom3 libasan8 libassuan0 libatm1 libatomic1
#20 8.518   libavif15 libbinutils libbpf1 libbrotli1 libbsd0 libc-dev-bin libc-devtools
#20 8.520   libc6-dev libcap2-bin libcc1-0 libcrypt-dev libctf-nobfd0 libctf0 libdav1d6
#20 8.520   libde265-0 libdeflate0 libdpkg-perl libelf1 libexpat1 libexpat1-dev
#20 8.520   libfakeroot libfile-fcntllock-perl libfontconfig1 libfreetype6 libgav1-1
#20 8.520   libgcc-12-dev libgd3 libgdbm-compat4 libgdbm6 libgomp1 libgpm2 libgprofng0
#20 8.520   libgssapi-krb5-2 libheif1 libisl23 libitm1 libjansson4 libjbig0
#20 8.520   libjpeg62-turbo libjs-jquery libjs-sphinxdoc libjs-underscore libk5crypto3
#20 8.520   libkeyutils1 libkrb5-3 libkrb5support0 libksba8 libldap-2.5-0 libldap-common
#20 8.520   liblerc4 liblocale-gettext-perl liblsan0 libmnl0 libmpc3 libmpfr6
#20 8.520   libncursesw6 libnpth0 libnsl-dev libnsl2 libnuma1 libpam-cap libperl5.36
#20 8.520   libpng16-16 libproc2-0 libpsl5 libpython3-dev libpython3-stdlib
#20 8.520   libpython3.11 libpython3.11-dev libpython3.11-minimal libpython3.11-stdlib
#20 8.520   libquadmath0 librav1e0 libreadline8 libsasl2-2 libsasl2-modules
#20 8.520   libsasl2-modules-db libsqlite3-0 libssl3 libstdc++-12-dev libsvtav1enc1
#20 8.520   libtiff6 libtirpc-common libtirpc-dev libtirpc3 libtsan2 libubsan1 libwebp7
#20 8.520   libx11-6 libx11-data libx265-199 libxau6 libxcb1 libxdmcp6 libxpm4
#20 8.520   libxtables12 libyuv0 linux-libc-dev make manpages manpages-dev media-types
#20 8.520   netbase nginx-common patch perl perl-modules-5.36 pinentry-curses psmisc
#20 8.520   publicsuffix python3-dev python3-distutils python3-lib2to3 python3-minimal
#20 8.520   python3-pip-whl python3-pkg-resources python3-setuptools
#20 8.520   python3-setuptools-whl python3-wheel python3.11 python3.11-dev
#20 8.520   python3.11-minimal python3.11-venv readline-common rpcsvc-proto xz-utils
#20 8.520   zlib1g-dev
#20 8.527 Suggested packages:
#20 8.527   binutils-doc bzip2-doc cpp-doc gcc-12-locales cpp-12-doc dbus-user-session
#20 8.527   libpam-systemd pinentry-gnome3 tor debian-keyring g++-multilib
#20 8.527   g++-12-multilib gcc-12-doc gcc-multilib autoconf automake libtool flex bison
#20 8.527   gdb gcc-doc gcc-12-multilib parcimonie xloadimage scdaemon iproute2-doc
#20 8.527   glibc-doc sensible-utils git bzr libgd-tools gdbm-l10n gpm krb5-doc
#20 8.527   krb5-user libsasl2-modules-gssapi-mit | libsasl2-modules-gssapi-heimdal
#20 8.527   libsasl2-modules-ldap libsasl2-modules-otp libsasl2-modules-sql
#20 8.527   libstdc++-12-doc make-doc man-browser fcgiwrap nginx-doc ssl-cert ed
#20 8.527   diffutils-doc perl-doc libterm-readline-gnu-perl
#20 8.527   | libterm-readline-perl-perl libtap-harness-archive-perl pinentry-doc
#20 8.527   python3-doc python3-tk python-setuptools-doc python3.11-doc binfmt-support
#20 8.527   readline-doc supervisor-doc
#20 10.74 The following NEW packages will be installed:
#20 10.74   binutils binutils-common binutils-x86-64-linux-gnu build-essential bzip2
#20 10.74   ca-certificates cpp cpp-12 dirmngr dpkg-dev fakeroot fontconfig-config
#20 10.74   fonts-dejavu-core g++ g++-12 gcc gcc-12 gnupg gnupg-l10n gnupg-utils gnupg2
#20 10.74   gpg gpg-agent gpg-wks-client gpg-wks-server gpgconf gpgsm iproute2
#20 10.74   javascript-common krb5-locales libabsl20220623 libalgorithm-diff-perl
#20 10.74   libalgorithm-diff-xs-perl libalgorithm-merge-perl libaom3 libasan8
#20 10.74   libassuan0 libatm1 libatomic1 libavif15 libbinutils libbpf1 libbrotli1
#20 10.74   libbsd0 libc-dev-bin libc-devtools libc6-dev libcap2-bin libcc1-0
#20 10.74   libcrypt-dev libctf-nobfd0 libctf0 libdav1d6 libde265-0 libdeflate0
#20 10.74   libdpkg-perl libelf1 libexpat1 libexpat1-dev libfakeroot
#20 10.74   libfile-fcntllock-perl libfontconfig1 libfreetype6 libgav1-1 libgcc-12-dev
#20 10.74   libgd3 libgdbm-compat4 libgdbm6 libgomp1 libgpm2 libgprofng0
#20 10.74   libgssapi-krb5-2 libheif1 libisl23 libitm1 libjansson4 libjbig0
#20 10.74   libjpeg62-turbo libjs-jquery libjs-sphinxdoc libjs-underscore libk5crypto3
#20 10.74   libkeyutils1 libkrb5-3 libkrb5support0 libksba8 libldap-2.5-0 libldap-common
#20 10.74   liblerc4 liblocale-gettext-perl liblsan0 libmnl0 libmpc3 libmpfr6
#20 10.74   libncursesw6 libnpth0 libnsl-dev libnsl2 libnuma1 libpam-cap libperl5.36
#20 10.74   libpng16-16 libproc2-0 libpsl5 libpython3-dev libpython3-stdlib
#20 10.74   libpython3.11 libpython3.11-dev libpython3.11-minimal libpython3.11-stdlib
#20 10.74   libquadmath0 librav1e0 libreadline8 libsasl2-2 libsasl2-modules
#20 10.74   libsasl2-modules-db libsqlite3-0 libssl3 libstdc++-12-dev libsvtav1enc1
#20 10.74   libtiff6 libtirpc-common libtirpc-dev libtirpc3 libtsan2 libubsan1 libwebp7
#20 10.74   libx11-6 libx11-data libx265-199 libxau6 libxcb1 libxdmcp6 libxpm4
#20 10.74   libxtables12 libyuv0 linux-libc-dev lsb-release make manpages manpages-dev
#20 10.74   media-types netbase nginx nginx-common openssl patch perl perl-modules-5.36
#20 10.74   pinentry-curses procps psmisc publicsuffix python3 python3-dev
#20 10.74   python3-distutils python3-lib2to3 python3-minimal python3-pip
#20 10.74   python3-pip-whl python3-pkg-resources python3-setuptools
#20 10.74   python3-setuptools-whl python3-venv python3-wheel python3.11 python3.11-dev
#20 10.75   python3.11-minimal python3.11-venv readline-common rpcsvc-proto supervisor
#20 10.75   wget xz-utils zlib1g-dev
#20 10.82 0 upgraded, 175 newly installed, 0 to remove and 0 not upgraded.
#20 10.82 Need to get 129 MB of archives.
#20 10.82 After this operation, 496 MB of additional disk space will be used.
#20 10.82 Get:1 http://deb.debian.org/debian bookworm/main amd64 perl-modules-5.36 all 5.36.0-7+deb12u3 [2815 kB]
#20 11.06 Get:2 http://deb.debian.org/debian bookworm/main amd64 libgdbm6 amd64 1.23-3 [72.2 kB]
#20 11.06 Get:3 http://deb.debian.org/debian bookworm/main amd64 libgdbm-compat4 amd64 1.23-3 [48.2 kB]
#20 11.07 Get:4 http://deb.debian.org/debian bookworm/main amd64 libperl5.36 amd64 5.36.0-7+deb12u3 [4196 kB]
#20 11.45 Get:5 http://deb.debian.org/debian bookworm/main amd64 perl amd64 5.36.0-7+deb12u3 [239 kB]
#20 11.47 Get:6 http://deb.debian.org/debian bookworm/main amd64 liblocale-gettext-perl amd64 1.07-5 [15.4 kB]
#20 11.47 Get:7 http://deb.debian.org/debian-security bookworm-security/main amd64 libssl3 amd64 3.0.19-1~deb12u2 [2032 kB]
#20 11.66 Get:8 http://deb.debian.org/debian bookworm/main amd64 libpython3.11-minimal amd64 3.11.2-6+deb12u6 [817 kB]
#20 11.73 Get:9 http://deb.debian.org/debian bookworm/main amd64 libexpat1 amd64 2.5.0-1+deb12u2 [99.9 kB]
#20 11.74 Get:10 http://deb.debian.org/debian bookworm/main amd64 python3.11-minimal amd64 3.11.2-6+deb12u6 [2064 kB]
#20 ...

#21 [oneclickvirt-web backend-builder 5/6] RUN go mod download
#21 DONE 8.0s

#22 [oneclickvirt-init backend-builder 6/6] RUN CGO_ENABLED=0 GOOS=linux GOARCH=amd64 go build -a -installsuffix cgo -ldflags "-w -s" -o main .
#22 2.047 api/v1/admin/admin_instance_admin.go:5:2: package oneclickvirt/server/api/v1 is not in std (/usr/local/go/src/oneclickvirt/server/api/v1)
#22 2.047 api/v1/admin/admin_instance_admin.go:6:2: package oneclickvirt/server/middleware is not in std (/usr/local/go/src/oneclickvirt/server/middleware)
#22 ERROR: process "/bin/sh -c CGO_ENABLED=0 GOOS=linux GOARCH=${TARGETARCH} go build -a -installsuffix cgo -ldflags \"-w -s\" -o main ." did not complete successfully: exit code: 1

#20 [oneclickvirt-api stage-2  2/21] RUN apt-get update --allow-insecure-repositories &&     DEBIAN_FRONTEND=noninteractive apt-get install -y --allow-unauthenticated         gnupg2 wget lsb-release procps nginx supervisor ca-certificates openssl python3 python3-venv python3-pip &&     if [ "amd64" = "amd64" ]; then         echo "Installing MySQL for AMD64..." &&         gpg --keyserver keyserver.ubuntu.com --recv-keys B7B3B788A8D3785C &&         gpg --export B7B3B788A8D3785C > /usr/share/keyrings/mysql.gpg &&         echo "deb [signed-by=/usr/share/keyrings/mysql.gpg] http://repo.mysql.com/apt/debian bookworm mysql-8.0" > /etc/apt/sources.list.d/mysql.list &&         apt-get update --allow-insecure-repositories &&         DEBIAN_FRONTEND=noninteractive apt-get install -y --allow-unauthenticated mysql-server mysql-client;     else         echo "Installing MariaDB for ARM64..." &&         DEBIAN_FRONTEND=noninteractive apt-get install -y --allow-unauthenticated mariadb-server mariadb-client;     fi &&     apt-get update --allow-insecure-repositories &&     DEBIAN_FRONTEND=noninteractive apt-get install -y --allow-unauthenticated certbot python3-certbot-nginx &&     apt-get clean
#20 11.93 Get:11 http://deb.debian.org/debian bookworm/main amd64 python3-minimal amd64 3.11.2-1+b1 [26.3 kB]
#20 11.93 Get:12 http://deb.debian.org/debian bookworm/main amd64 media-types all 10.0.0 [26.1 kB]
#20 11.93 Get:13 http://deb.debian.org/debian bookworm/main amd64 libncursesw6 amd64 6.4-4 [134 kB]
#20 11.94 Get:14 http://deb.debian.org/debian bookworm/main amd64 libkrb5support0 amd64 1.20.1-2+deb12u4 [33.2 kB]
#20 11.94 Get:15 http://deb.debian.org/debian bookworm/main amd64 libk5crypto3 amd64 1.20.1-2+deb12u4 [79.8 kB]
#20 11.95 Get:16 http://deb.debian.org/debian bookworm/main amd64 libkeyutils1 amd64 1.6.3-2 [8808 B]
#20 11.95 Get:17 http://deb.debian.org/debian bookworm/main amd64 libkrb5-3 amd64 1.20.1-2+deb12u4 [334 kB]
#20 11.98 Get:18 http://deb.debian.org/debian bookworm/main amd64 libgssapi-krb5-2 amd64 1.20.1-2+deb12u4 [135 kB]
#20 11.99 Get:19 http://deb.debian.org/debian bookworm/main amd64 libtirpc-common all 1.3.3+ds-1 [14.0 kB]
#20 11.99 Get:20 http://deb.debian.org/debian bookworm/main amd64 libtirpc3 amd64 1.3.3+ds-1 [85.2 kB]
#20 12.00 Get:21 http://deb.debian.org/debian bookworm/main amd64 libnsl2 amd64 1.3.0-2 [39.5 kB]
#20 12.00 Get:22 http://deb.debian.org/debian bookworm/main amd64 readline-common all 8.2-1.3 [69.0 kB]
#20 12.01 Get:23 http://deb.debian.org/debian bookworm/main amd64 libreadline8 amd64 8.2-1.3 [166 kB]
#20 12.02 Get:24 http://deb.debian.org/debian bookworm/main amd64 libsqlite3-0 amd64 3.40.1-2+deb12u2 [839 kB]
#20 12.09 Get:25 http://deb.debian.org/debian bookworm/main amd64 libpython3.11-stdlib amd64 3.11.2-6+deb12u6 [1798 kB]
#20 12.27 Get:26 http://deb.debian.org/debian bookworm/main amd64 python3.11 amd64 3.11.2-6+deb12u6 [573 kB]
#20 12.32 Get:27 http://deb.debian.org/debian bookworm/main amd64 libpython3-stdlib amd64 3.11.2-1+b1 [9312 B]
#20 12.32 Get:28 http://deb.debian.org/debian bookworm/main amd64 python3 amd64 3.11.2-1+b1 [26.3 kB]
#20 12.33 Get:29 http://deb.debian.org/debian bookworm/main amd64 python3-pkg-resources all 66.1.1-1+deb12u2 [297 kB]
#20 12.36 Get:30 http://deb.debian.org/debian bookworm/main amd64 supervisor all 4.2.5-1 [311 kB]
#20 12.39 Get:31 http://deb.debian.org/debian bookworm/main amd64 libelf1 amd64 0.188-2.1 [174 kB]
#20 12.41 Get:32 http://deb.debian.org/debian bookworm/main amd64 libbpf1 amd64 1:1.1.2-0+deb12u1 [145 kB]
#20 12.43 Get:33 http://deb.debian.org/debian bookworm/main amd64 libbsd0 amd64 0.11.7-2 [117 kB]
#20 12.44 Get:34 http://deb.debian.org/debian bookworm/main amd64 libmnl0 amd64 1.0.4-3 [12.5 kB]
#20 12.44 Get:35 http://deb.debian.org/debian bookworm/main amd64 libxtables12 amd64 1.8.9-2 [30.8 kB]
#20 12.44 Get:36 http://deb.debian.org/debian bookworm/main amd64 libcap2-bin amd64 1:2.66-4+deb12u2+b2 [35.2 kB]
#20 12.52 Get:37 http://deb.debian.org/debian bookworm/main amd64 iproute2 amd64 6.1.0-3 [1046 kB]
#20 12.63 Get:38 http://deb.debian.org/debian bookworm/main amd64 netbase all 6.4 [12.8 kB]
#20 12.63 Get:39 http://deb.debian.org/debian bookworm/main amd64 libproc2-0 amd64 2:4.0.2-3 [62.8 kB]
#20 12.64 Get:40 http://deb.debian.org/debian bookworm/main amd64 procps amd64 2:4.0.2-3 [709 kB]
#20 12.70 Get:41 http://deb.debian.org/debian bookworm/main amd64 bzip2 amd64 1.0.8-5+b1 [49.8 kB]
#20 12.70 Get:42 http://deb.debian.org/debian-security bookworm-security/main amd64 openssl amd64 3.0.19-1~deb12u2 [1435 kB]
#20 12.84 Get:43 http://deb.debian.org/debian bookworm/main amd64 ca-certificates all 20230311+deb12u1 [155 kB]
#20 12.87 Get:44 http://deb.debian.org/debian bookworm/main amd64 krb5-locales all 1.20.1-2+deb12u4 [63.4 kB]
#20 12.87 Get:45 http://deb.debian.org/debian bookworm/main amd64 manpages all 6.03-2 [1332 kB]
#20 13.00 Get:46 http://deb.debian.org/debian bookworm/main amd64 libpsl5 amd64 0.21.2-1 [58.7 kB]
#20 13.00 Get:47 http://deb.debian.org/debian bookworm/main amd64 wget amd64 1.21.3-1+deb12u1 [937 kB]
#20 13.09 Get:48 http://deb.debian.org/debian bookworm/main amd64 xz-utils amd64 5.4.1-1 [471 kB]
#20 13.15 Get:49 http://deb.debian.org/debian bookworm/main amd64 binutils-common amd64 2.40-2 [2487 kB]
#20 13.37 Get:50 http://deb.debian.org/debian bookworm/main amd64 libbinutils amd64 2.40-2 [572 kB]
#20 13.43 Get:51 http://deb.debian.org/debian bookworm/main amd64 libctf-nobfd0 amd64 2.40-2 [153 kB]
#20 13.44 Get:52 http://deb.debian.org/debian bookworm/main amd64 libctf0 amd64 2.40-2 [89.8 kB]
#20 13.45 Get:53 http://deb.debian.org/debian bookworm/main amd64 libgprofng0 amd64 2.40-2 [812 kB]
#20 13.52 Get:54 http://deb.debian.org/debian bookworm/main amd64 libjansson4 amd64 2.14-2 [40.8 kB]
#20 13.53 Get:55 http://deb.debian.org/debian bookworm/main amd64 binutils-x86-64-linux-gnu amd64 2.40-2 [2246 kB]
#20 13.75 Get:56 http://deb.debian.org/debian bookworm/main amd64 binutils amd64 2.40-2 [65.0 kB]
#20 13.76 Get:57 http://deb.debian.org/debian bookworm/main amd64 libc-dev-bin amd64 2.36-9+deb12u13 [47.4 kB]
#20 13.76 Get:58 http://deb.debian.org/debian-security bookworm-security/main amd64 linux-libc-dev amd64 6.1.164-1 [2240 kB]
#20 13.98 Get:59 http://deb.debian.org/debian bookworm/main amd64 libcrypt-dev amd64 1:4.4.33-2 [118 kB]
#20 14.00 Get:60 http://deb.debian.org/debian bookworm/main amd64 libtirpc-dev amd64 1.3.3+ds-1 [191 kB]
#20 14.01 Get:61 http://deb.debian.org/debian bookworm/main amd64 libnsl-dev amd64 1.3.0-2 [66.4 kB]
#20 14.02 Get:62 http://deb.debian.org/debian bookworm/main amd64 rpcsvc-proto amd64 1.4.3-1 [63.3 kB]
#20 14.02 Get:63 http://deb.debian.org/debian bookworm/main amd64 libc6-dev amd64 2.36-9+deb12u13 [1904 kB]
#20 CANCELED

#18 [oneclickvirt-init frontend-builder 7/7] RUN ls -la && npm run build
#18 CANCELED
------
 > [oneclickvirt-init backend-builder 6/6] RUN CGO_ENABLED=0 GOOS=linux GOARCH=amd64 go build -a -installsuffix cgo -ldflags "-w -s" -o main .:
2.047 api/v1/admin/admin_instance_admin.go:5:2: package oneclickvirt/server/api/v1 is not in std (/usr/local/go/src/oneclickvirt/server/api/v1)
2.047 api/v1/admin/admin_instance_admin.go:6:2: package oneclickvirt/server/middleware is not in std (/usr/local/go/src/oneclickvirt/server/middleware)
------
Dockerfile:23

--------------------

  21 |     COPY server/ ./

  22 |     RUN go mod download

  23 | >>> RUN CGO_ENABLED=0 GOOS=linux GOARCH=${TARGETARCH} go build -a -installsuffix cgo -ldflags "-w -s" -o main .

  24 |     

  25 |     FROM debian:12-slim

--------------------

target oneclickvirt-api: failed to solve: process "/bin/sh -c CGO_ENABLED=0 GOOS=linux GOARCH=${TARGETARCH} go build -a -installsuffix cgo -ldflags \"-w -s\" -o main ." did not complete successfully: exit code: 1

