[SYSTEM] 工作目录: C:\Users\admin\.openclaw-autoclaw\workspace\oneclickvirt\server
[oneclickvirt]2026/03/12 - 13:12:14.944	info	系统初始化开始
[oneclickvirt]2026/03/12 - 13:12:14.957	info	系统配置加载完成	{"env": "production", "addr": 8890, "captcha_enabled": true}
[oneclickvirt]2026/03/12 - 13:12:14.958	info	全局SSH连接池已初始化
[oneclickvirt]2026/03/12 - 13:12:14.959	info	开始初始化存储目录结构	{"baseDir": "storage", "dirsCount": 8}
[oneclickvirt]2026/03/12 - 13:12:14.960	info	存储目录结构初始化完成	{"baseDir": "storage", "dirs": 8}
[oneclickvirt]2026/03/12 - 13:12:14.961	info	正在连接数据库...
[oneclickvirt]2026/03/12 - 13:12:14.961	info	日志清理任务已安排	{"nextRun": "[oneclickvirt]2026/03/13 - 01:00:00.000", "duration": 42465.0387178}
[oneclickvirt]2026/03/12 - 13:12:14.972	error	数据库初始化失败	{"error": "连接数据库失败: Error 1044 (42000): Access denied for user 'oneclickvirt'@'%' to database 'oneclickvirt'"}
[oneclickvirt]2026/03/12 - 13:12:14.972	error	数据库初始化失败	{"error": "连接数据库失败: Error 1044 (42000): Access denied for user 'oneclickvirt'@'%' to database 'oneclickvirt'"}
[oneclickvirt]2026/03/12 - 13:12:14.972	error	数据库初始化失败	{"error": "连接数据库失败: Error 1044 (42000): Access denied for user 'oneclickvirt'@'%' to database 'oneclickvirt'"}
[oneclickvirt]2026/03/12 - 13:12:14.975	warn	数据库连接失败，系统将以待初始化模式运行	{"dbType": "mysql", "error": "连接数据库失败: Error 1044 (42000): Access denied for user 'oneclickvirt'@'%' to database 'oneclickvirt'"}
[oneclickvirt]2026/03/12 - 13:12:14.975	warn	数据库连接失败，系统将以待初始化模式运行	{"dbType": "mysql", "error": "连接数据库失败: Error 1044 (42000): Access denied for user 'oneclickvirt'@'%' to database 'oneclickvirt'"}
[oneclickvirt]2026/03/12 - 13:12:14.977	warn	系统未初始化，运行在待初始化模式
[oneclickvirt]2026/03/12 - 13:12:14.977	warn	系统未初始化，运行在待初始化模式
[oneclickvirt]2026/03/12 - 13:12:14.978	info	请访问前端初始化页面完成系统初始化
[GIN-debug] [WARNING] Creating an Engine instance with the Logger and Recovery middleware already attached.

[GIN-debug] [WARNING] Running in "debug" mode. Switch to "release" mode in production.
 - using env:	export GIN_MODE=release
 - using code:	gin.SetMode(gin.ReleaseMode)

[GIN-debug] GET    /health                   --> oneclickvirt/api/v1/public.HealthCheck (6 handlers)
[GIN-debug] GET    /swagger/*any             --> github.com/swaggo/gin-swagger.CustomWrapHandler.func1 (6 handlers)
[GIN-debug] GET    /api/health               --> oneclickvirt/api/v1/public.HealthCheck (6 handlers)
[GIN-debug] GET    /api/v1/public/init/check --> oneclickvirt/api/v1/public.CheckInit (7 handlers)
[GIN-debug] POST   /api/v1/public/init       --> oneclickvirt/api/v1/public.InitSystem (7 handlers)
[GIN-debug] POST   /api/v1/public/test-db-connection --> oneclickvirt/api/v1/public.TestDatabaseConnection (7 handlers)
[GIN-debug] GET    /api/v1/public/recommended-db-type --> oneclickvirt/api/v1/public.GetRecommendedDatabaseType (7 handlers)
[GIN-debug] GET    /api/v1/public/register-config --> oneclickvirt/api/v1/public.GetRegisterConfig (7 handlers)
[GIN-debug] GET    /api/v1/public/system-config --> oneclickvirt/api/v1/public.GetPublicSystemConfig (7 handlers)
[GIN-debug] GET    /api/v1/static/:type/*path --> oneclickvirt/api/v1/system.ServeStaticFile (7 handlers)
[GIN-debug] POST   /api/v1/auth/login        --> oneclickvirt/api/v1/auth.Login (7 handlers)
[GIN-debug] POST   /api/v1/auth/register     --> oneclickvirt/api/v1/auth.Register (7 handlers)
[GIN-debug] GET    /api/v1/auth/captcha      --> oneclickvirt/api/v1/auth.GetCaptcha (7 handlers)
[GIN-debug] POST   /api/v1/auth/send-verify-code --> oneclickvirt/api/v1/auth.SendVerifyCode (7 handlers)
[GIN-debug] POST   /api/v1/auth/forgot-password --> oneclickvirt/api/v1/auth.ForgotPassword (7 handlers)
[GIN-debug] POST   /api/v1/auth/reset-password --> oneclickvirt/api/v1/auth.ResetPassword (7 handlers)
[GIN-debug] POST   /api/v1/auth/resend-verification --> oneclickvirt/api/v1/auth.ResendVerification (7 handlers)
[GIN-debug] GET    /api/v1/auth/verify-email --> oneclickvirt/api/v1/auth.VerifyEmail (7 handlers)
[GIN-debug] GET    /api/v1/auth/verify-reset-token --> oneclickvirt/api/v1/auth.VerifyResetToken (7 handlers)
[GIN-debug] POST   /api/v1/auth/logout       --> oneclickvirt/api/v1/auth.Logout (8 handlers)
[GIN-debug] GET    /api/v1/auth/oauth2/login --> oneclickvirt/api/v1/oauth2.OAuth2Login (7 handlers)
[GIN-debug] GET    /api/v1/auth/oauth2/callback --> oneclickvirt/api/v1/oauth2.OAuth2Callback (7 handlers)
[GIN-debug] GET    /api/ping                 --> oneclickvirt/router.SetupRouter.func1 (8 handlers)
[GIN-debug] GET    /api/v1/public/announcements --> oneclickvirt/api/v1/system.GetAnnouncement (8 handlers)
[GIN-debug] GET    /api/v1/public/stats      --> oneclickvirt/api/v1/public.GetDashboardStats (8 handlers)
[GIN-debug] GET    /api/v1/public/system-images/available --> oneclickvirt/api/v1/system.GetAvailableSystemImages (8 handlers)
[GIN-debug] GET    /api/v1/public/products   --> oneclickvirt/api/v1/public.GetPublicProducts (8 handlers)
[GIN-debug] GET    /api/v1/public/payment-config --> oneclickvirt/api/v1/public.GetPaymentConfig (8 handlers)
[GIN-debug] GET    /api/v1/public/kyc/callback --> oneclickvirt/api/v1/user.HandleKYCCallback (8 handlers)
[GIN-debug] GET    /api/v1/public/oauth2/providers --> oneclickvirt/api/v1/oauth2.GetEnabledProviders (8 handlers)
[GIN-debug] GET    /api/v1/public/site-configs --> oneclickvirt/router.SetupRouter.func2 (8 handlers)
[GIN-debug] GET    /api/v1/config            --> oneclickvirt/api/v1/config.GetUnifiedConfig (8 handlers)
[GIN-debug] PUT    /api/v1/config            --> oneclickvirt/api/v1/config.UpdateUnifiedConfig (8 handlers)
[GIN-debug] GET    /api/v1/user/profile      --> oneclickvirt/api/v1/user.GetUserInfo (8 handlers)
[GIN-debug] PUT    /api/v1/user/profile      --> oneclickvirt/api/v1/user.UpdateProfile (8 handlers)
[GIN-debug] PUT    /api/v1/user/reset-password --> oneclickvirt/api/v1/user.UserResetPassword (8 handlers)
[GIN-debug] GET    /api/v1/user/info         --> oneclickvirt/api/v1/user.GetUserInfo (8 handlers)
[GIN-debug] GET    /api/v1/user/dashboard    --> oneclickvirt/api/v1/user.GetUserDashboard (8 handlers)
[GIN-debug] GET    /api/v1/user/limits       --> oneclickvirt/api/v1/user.GetUserLimits (8 handlers)
[GIN-debug] GET    /api/v1/user/instances    --> oneclickvirt/api/v1/user.GetUserInstances (8 handlers)
[GIN-debug] POST   /api/v1/user/instances    --> oneclickvirt/api/v1/user.CreateUserInstance (8 handlers)
[GIN-debug] GET    /api/v1/user/instances/:id --> oneclickvirt/api/v1/user.GetUserInstanceDetail (8 handlers)
[GIN-debug] GET    /api/v1/user/instances/:id/monitoring --> oneclickvirt/api/v1/user.GetInstanceMonitoring (8 handlers)
[GIN-debug] GET    /api/v1/user/instances/:id/pmacct/summary --> oneclickvirt/api/v1/user.GetInstancePmacctSummary (8 handlers)
[GIN-debug] GET    /api/v1/user/instances/:id/pmacct/query --> oneclickvirt/api/v1/user.QueryInstancePmacctData (8 handlers)
[GIN-debug] PUT    /api/v1/user/instances/:id/reset-password --> oneclickvirt/api/v1/user.ResetInstancePassword (8 handlers)
[GIN-debug] GET    /api/v1/user/instances/:id/password/:taskId --> oneclickvirt/api/v1/user.GetInstanceNewPassword (8 handlers)
[GIN-debug] GET    /api/v1/user/instances/:id/ports --> oneclickvirt/api/v1/user.GetInstancePorts (8 handlers)
[GIN-debug] GET    /api/v1/user/instances/:id/ssh --> oneclickvirt/api/v1/user.SSHWebSocket (8 handlers)
[GIN-debug] POST   /api/v1/user/instances/action --> oneclickvirt/api/v1/user.InstanceAction (8 handlers)
[GIN-debug] GET    /api/v1/user/port-mappings --> oneclickvirt/api/v1/user.GetUserPortMappings (8 handlers)
[GIN-debug] GET    /api/v1/user/resources/available --> oneclickvirt/api/v1/user.GetAvailableResources (8 handlers)
[GIN-debug] POST   /api/v1/user/resources/claim --> oneclickvirt/api/v1/user.ClaimResource (8 handlers)
[GIN-debug] GET    /api/v1/user/providers/available --> oneclickvirt/api/v1/user.GetAvailableProviders (8 handlers)
[GIN-debug] GET    /api/v1/user/images       --> oneclickvirt/api/v1/user.GetUserSystemImages (8 handlers)
[GIN-debug] GET    /api/v1/user/images/filtered --> oneclickvirt/api/v1/user.GetFilteredSystemImages (8 handlers)
[GIN-debug] GET    /api/v1/user/providers/:id/capabilities --> oneclickvirt/api/v1/user.GetProviderCapabilities (8 handlers)
[GIN-debug] GET    /api/v1/user/instance-type-permissions --> oneclickvirt/api/v1/user.GetInstanceTypePermissions (8 handlers)
[GIN-debug] GET    /api/v1/user/instance-config --> oneclickvirt/api/v1/user.GetInstanceConfig (8 handlers)
[GIN-debug] GET    /api/v1/user/tasks        --> oneclickvirt/api/v1/user.GetUserTasks (8 handlers)
[GIN-debug] POST   /api/v1/user/tasks/:taskId/cancel --> oneclickvirt/api/v1/user.CancelUserTask (8 handlers)
[GIN-debug] GET    /api/v1/user/traffic/overview --> oneclickvirt/api/v1/traffic.(*UserTrafficAPI).GetTrafficOverview-fm (8 handlers)
[GIN-debug] GET    /api/v1/user/traffic/instance/:instanceId --> oneclickvirt/api/v1/traffic.(*UserTrafficAPI).GetInstanceTrafficDetail-fm (8 handlers)
[GIN-debug] GET    /api/v1/user/traffic/instances --> oneclickvirt/api/v1/traffic.(*UserTrafficAPI).GetInstancesTrafficSummary-fm (8 handlers)
[GIN-debug] GET    /api/v1/user/traffic/limit-status --> oneclickvirt/api/v1/traffic.(*UserTrafficAPI).GetTrafficLimitStatus-fm (8 handlers)
[GIN-debug] GET    /api/v1/user/traffic/pmacct/:instanceId --> oneclickvirt/api/v1/traffic.(*UserTrafficAPI).GetPmacctData-fm (8 handlers)
[GIN-debug] GET    /api/v1/user/traffic/history --> oneclickvirt/api/v1/traffic.(*UserTrafficAPI).GetUserTrafficHistory-fm (8 handlers)
[GIN-debug] GET    /api/v1/user/instances/:id/traffic/history --> oneclickvirt/api/v1/traffic.(*UserTrafficAPI).GetInstanceTrafficHistory-fm (8 handlers)
[GIN-debug] POST   /api/v1/upload/avatar     --> oneclickvirt/api/v1/system.UploadAvatar (9 handlers)
[GIN-debug] GET    /api/v1/dashboard/stats   --> oneclickvirt/api/v1/public.GetDashboardStats (8 handlers)
[GIN-debug] GET    /api/v1/instances         --> oneclickvirt/api/v1/user.GetUserInstances (8 handlers)
[GIN-debug] POST   /api/v1/instances         --> oneclickvirt/api/v1/user.CreateUserInstance (8 handlers)
[GIN-debug] PUT    /api/v1/instances/:id     --> oneclickvirt/api/v1/admin.UpdateInstance (8 handlers)
[GIN-debug] DELETE /api/v1/instances/:id     --> oneclickvirt/api/v1/admin.DeleteInstance (8 handlers)
[GIN-debug] GET    /api/v1/user/wallet       --> oneclickvirt/api/v1/user.GetWallet (8 handlers)
[GIN-debug] GET    /api/v1/user/wallet/transactions --> oneclickvirt/api/v1/user.GetWalletTransactions (8 handlers)
[GIN-debug] POST   /api/v1/user/recharge/create-order --> oneclickvirt/api/v1/user.CreateRechargeOrder (8 handlers)
[GIN-debug] GET    /api/v1/user/recharge/alipay-qr/:orderNo --> oneclickvirt/api/v1/user.GetRechargeAlipayQR (8 handlers)
[GIN-debug] GET    /api/v1/user/recharge/wechat-qr/:orderNo --> oneclickvirt/api/v1/user.GetRechargeWechatQR (8 handlers)
[GIN-debug] GET    /api/v1/user/recharge/epay-qr/:orderNo --> oneclickvirt/api/v1/user.GetRechargeEpayQR (8 handlers)
[GIN-debug] GET    /api/v1/user/recharge/mapay-qr/:orderNo --> oneclickvirt/api/v1/user.GetRechargeMapayQR (8 handlers)
[GIN-debug] GET    /api/v1/user/recharge/order-status/:orderNo --> oneclickvirt/api/v1/user.GetRechargeOrderStatus (8 handlers)
[GIN-debug] POST   /api/v1/user/recharge/exchange-code --> oneclickvirt/api/v1/user.ExchangeRedemptionCode (8 handlers)
[GIN-debug] GET    /api/v1/user/orders       --> oneclickvirt/api/v1/user.GetUserOrders (8 handlers)
[GIN-debug] GET    /api/v1/user/orders/:id   --> oneclickvirt/api/v1/user.GetUserOrder (8 handlers)
[GIN-debug] GET    /api/v1/user/orders/status/:orderNo --> oneclickvirt/api/v1/user.GetPurchaseOrderStatus (8 handlers)
[GIN-debug] GET    /api/v1/user/orders/epay-qr/:orderNo --> oneclickvirt/api/v1/user.GetPurchaseEpayQR (8 handlers)
[GIN-debug] GET    /api/v1/user/orders/mapay-qr/:orderNo --> oneclickvirt/api/v1/user.GetPurchaseMapayQR (8 handlers)
[GIN-debug] POST   /api/v1/user/orders/:id/cancel --> oneclickvirt/api/v1/user.CancelOrder (8 handlers)
[GIN-debug] GET    /api/v1/user/products     --> oneclickvirt/api/v1/user.GetUserProducts (8 handlers)
[GIN-debug] POST   /api/v1/user/products/:id/purchase --> oneclickvirt/api/v1/user.PurchaseProduct (8 handlers)
[GIN-debug] GET    /api/v1/user/domains      --> oneclickvirt/api/v1/user.GetDomains (8 handlers)
[GIN-debug] POST   /api/v1/user/domains      --> oneclickvirt/api/v1/user.CreateDomain (8 handlers)
[GIN-debug] PUT    /api/v1/user/domains/:id  --> oneclickvirt/api/v1/user.UpdateDomain (8 handlers)
[GIN-debug] DELETE /api/v1/user/domains/:id  --> oneclickvirt/api/v1/user.DeleteDomain (8 handlers)
[GIN-debug] GET    /api/v1/user/domains/quota --> oneclickvirt/api/v1/user.GetAvailableQuota (8 handlers)
[GIN-debug] GET    /api/v1/user/purchase-status --> oneclickvirt/api/v1/user.CheckUserPurchaseStatus (8 handlers)
[GIN-debug] POST   /api/v1/user/kyc/submit   --> oneclickvirt/api/v1/user.SubmitCertification (8 handlers)
[GIN-debug] GET    /api/v1/user/kyc/status   --> oneclickvirt/api/v1/user.GetKYCStatus (8 handlers)
[GIN-debug] POST   /api/v1/user/kyc/query    --> oneclickvirt/api/v1/user.QueryAndUpdate (8 handlers)
[GIN-debug] GET    /api/v1/admin/dashboard   --> oneclickvirt/api/v1/admin.GetAdminDashboard (8 handlers)
[GIN-debug] GET    /api/v1/admin/config      --> oneclickvirt/api/v1/config.GetUnifiedConfig (8 handlers)
[GIN-debug] PUT    /api/v1/admin/config      --> oneclickvirt/api/v1/config.UpdateUnifiedConfig (8 handlers)
[GIN-debug] GET    /api/v1/admin/users       --> oneclickvirt/api/v1/admin.GetUserList (8 handlers)
[GIN-debug] POST   /api/v1/admin/users       --> oneclickvirt/api/v1/admin.CreateUser (8 handlers)
[GIN-debug] PUT    /api/v1/admin/users/:id   --> oneclickvirt/api/v1/admin.UpdateUser (8 handlers)
[GIN-debug] DELETE /api/v1/admin/users/:id   --> oneclickvirt/api/v1/admin.DeleteUser (8 handlers)
[GIN-debug] PUT    /api/v1/admin/users/:id/status --> oneclickvirt/api/v1/admin.UpdateUserStatus (8 handlers)
[GIN-debug] PUT    /api/v1/admin/users/:id/level --> oneclickvirt/api/v1/admin.UpdateUserLevel (8 handlers)
[GIN-debug] PUT    /api/v1/admin/users/:id/reset-password --> oneclickvirt/api/v1/admin.ResetUserPassword (8 handlers)
[GIN-debug] POST   /api/v1/admin/users/:id/impersonate --> oneclickvirt/api/v1/admin.ImpersonateUser (8 handlers)
[GIN-debug] PUT    /api/v1/admin/users/batch-level --> oneclickvirt/api/v1/admin.AdminBatchUpdateUserLevel (8 handlers)
[GIN-debug] PUT    /api/v1/admin/users/batch-status --> oneclickvirt/api/v1/admin.AdminBatchUpdateUserStatus (8 handlers)
[GIN-debug] POST   /api/v1/admin/users/batch-delete --> oneclickvirt/api/v1/admin.AdminBatchDeleteUsers (8 handlers)
[GIN-debug] GET    /api/v1/admin/instances   --> oneclickvirt/api/v1/admin.GetInstanceList (8 handlers)
[GIN-debug] POST   /api/v1/admin/instances   --> oneclickvirt/api/v1/admin.CreateInstance (8 handlers)
[GIN-debug] PUT    /api/v1/admin/instances/:id --> oneclickvirt/api/v1/admin.UpdateInstance (8 handlers)
[GIN-debug] DELETE /api/v1/admin/instances/:id --> oneclickvirt/api/v1/admin.DeleteInstance (8 handlers)
[GIN-debug] POST   /api/v1/admin/instances/:id/action --> oneclickvirt/api/v1/admin.AdminInstanceAction (8 handlers)
[GIN-debug] POST   /api/v1/admin/instances/:id/transfer --> oneclickvirt/api/v1/admin.TransferInstanceOwnership (8 handlers)
[GIN-debug] PUT    /api/v1/admin/instances/:id/reset-password --> oneclickvirt/api/v1/admin.ResetInstancePassword (8 handlers)
[GIN-debug] GET    /api/v1/admin/instances/:id/password/:taskId --> oneclickvirt/api/v1/admin.GetInstanceNewPassword (8 handlers)
[GIN-debug] GET    /api/v1/admin/instance-type-permissions --> oneclickvirt/api/v1/admin.GetAdminInstanceTypePermissions (8 handlers)
[GIN-debug] PUT    /api/v1/admin/instance-type-permissions --> oneclickvirt/api/v1/admin.UpdateAdminInstanceTypePermissions (8 handlers)
[GIN-debug] GET    /api/v1/admin/instances/:id/ssh --> oneclickvirt/api/v1/admin.AdminSSHWebSocket (8 handlers)
[GIN-debug] GET    /api/v1/admin/providers/:id/ssh --> oneclickvirt/api/v1/admin.AdminProviderSSHWebSocket (8 handlers)
[GIN-debug] GET    /api/v1/admin/announcements --> oneclickvirt/api/v1/admin.GetAnnouncements (8 handlers)
[GIN-debug] POST   /api/v1/admin/announcements --> oneclickvirt/api/v1/admin.CreateAnnouncement (8 handlers)
[GIN-debug] PUT    /api/v1/admin/announcements/:id --> oneclickvirt/api/v1/admin.UpdateAnnouncementItem (8 handlers)
[GIN-debug] DELETE /api/v1/admin/announcements/:id --> oneclickvirt/api/v1/admin.DeleteAnnouncement (8 handlers)
[GIN-debug] PUT    /api/v1/admin/announcements/batch-status --> oneclickvirt/api/v1/admin.BatchUpdateAnnouncementStatus (8 handlers)
[GIN-debug] POST   /api/v1/admin/announcements/batch-delete --> oneclickvirt/api/v1/admin.BatchDeleteAnnouncements (8 handlers)
[GIN-debug] GET    /api/v1/admin/invite-codes --> oneclickvirt/api/v1/admin.GetInviteCodeList (8 handlers)
[GIN-debug] POST   /api/v1/admin/invite-codes --> oneclickvirt/api/v1/admin.CreateInviteCode (8 handlers)
[GIN-debug] POST   /api/v1/admin/invite-codes/generate --> oneclickvirt/api/v1/admin.GenerateInviteCode (8 handlers)
[GIN-debug] GET    /api/v1/admin/invite-codes/export --> oneclickvirt/api/v1/admin.ExportInviteCodes (8 handlers)
[GIN-debug] POST   /api/v1/admin/invite-codes/batch-delete --> oneclickvirt/api/v1/admin.BatchDeleteInviteCodes (8 handlers)
[GIN-debug] DELETE /api/v1/admin/invite-codes/:id --> oneclickvirt/api/v1/admin.DeleteInviteCode (8 handlers)
[GIN-debug] GET    /api/v1/admin/monitoring/system --> oneclickvirt/api/v1/admin.GetAdminDashboard (8 handlers)
[GIN-debug] GET    /api/v1/admin/monitoring/audit-logs --> oneclickvirt/api/v1/system.GetOperationLogs (8 handlers)
[GIN-debug] GET    /api/v1/admin/performance/metrics --> oneclickvirt/api/v1/system.GetPerformanceMetrics (8 handlers)
[GIN-debug] GET    /api/v1/admin/performance/history --> oneclickvirt/api/v1/system.GetPerformanceHistory (8 handlers)
[GIN-debug] POST   /api/v1/admin/traffic/sync/instance/:instance_id --> oneclickvirt/api/v1/admin.SyncInstanceTraffic (8 handlers)
[GIN-debug] POST   /api/v1/admin/traffic/sync/user/:user_id --> oneclickvirt/api/v1/admin.SyncUserTraffic (8 handlers)
[GIN-debug] POST   /api/v1/admin/traffic/sync/provider/:provider_id --> oneclickvirt/api/v1/admin.SyncProviderTraffic (8 handlers)
[GIN-debug] POST   /api/v1/admin/traffic/sync/all --> oneclickvirt/api/v1/admin.SyncAllTraffic (8 handlers)
[GIN-debug] GET    /api/v1/admin/quota/users/:userId --> oneclickvirt/api/v1/system.GetUserQuotaInfo (8 handlers)
[GIN-debug] GET    /api/v1/admin/providers   --> oneclickvirt/api/v1/admin.GetProviderList (8 handlers)
[GIN-debug] POST   /api/v1/admin/providers   --> oneclickvirt/api/v1/admin.CreateProvider (8 handlers)
[GIN-debug] PUT    /api/v1/admin/providers/:id --> oneclickvirt/api/v1/admin.UpdateProvider (8 handlers)
[GIN-debug] DELETE /api/v1/admin/providers/:id --> oneclickvirt/api/v1/admin.DeleteProvider (8 handlers)
[GIN-debug] POST   /api/v1/admin/providers/freeze --> oneclickvirt/api/v1/admin.FreezeProvider (8 handlers)
[GIN-debug] POST   /api/v1/admin/providers/unfreeze --> oneclickvirt/api/v1/admin.UnfreezeProvider (8 handlers)
[GIN-debug] POST   /api/v1/admin/providers/test-ssh-connection --> oneclickvirt/api/v1/admin.TestSSHConnection (8 handlers)
[GIN-debug] GET    /api/v1/admin/providers/check-name --> oneclickvirt/api/v1/admin.CheckProviderName (8 handlers)
[GIN-debug] GET    /api/v1/admin/providers/check-endpoint --> oneclickvirt/api/v1/admin.CheckProviderEndpoint (8 handlers)
[GIN-debug] POST   /api/v1/admin/providers/:id/generate-cert --> oneclickvirt/api/v1/admin.GenerateProviderCert (8 handlers)
[GIN-debug] POST   /api/v1/admin/providers/:id/auto-configure-stream --> oneclickvirt/api/v1/admin.AutoConfigureProviderStream (8 handlers)
[GIN-debug] POST   /api/v1/admin/providers/:id/health-check --> oneclickvirt/api/v1/admin.CheckProviderHealth (8 handlers)
[GIN-debug] GET    /api/v1/admin/providers/:id/status --> oneclickvirt/api/v1/admin.GetProviderStatus (8 handlers)
[GIN-debug] POST   /api/v1/admin/providers/export-configs --> oneclickvirt/api/v1/admin.ExportProviderConfigs (8 handlers)
[GIN-debug] POST   /api/v1/admin/providers/auto-configure --> oneclickvirt/api/v1/config.AutoConfigureProvider (8 handlers)
[GIN-debug] GET    /api/v1/admin/configuration-tasks --> oneclickvirt/api/v1/config.GetConfigurationTasks (8 handlers)
[GIN-debug] GET    /api/v1/admin/configuration-tasks/:id --> oneclickvirt/api/v1/config.GetConfigurationTaskDetail (8 handlers)
[GIN-debug] POST   /api/v1/admin/configuration-tasks/:id/cancel --> oneclickvirt/api/v1/config.CancelConfigurationTask (8 handlers)
[GIN-debug] GET    /api/v1/admin/tasks       --> oneclickvirt/api/v1/admin.GetAdminTasks (8 handlers)
[GIN-debug] GET    /api/v1/admin/tasks/:taskId --> oneclickvirt/api/v1/admin.GetTaskDetail (8 handlers)
[GIN-debug] POST   /api/v1/admin/tasks/force-stop --> oneclickvirt/api/v1/admin.ForceStopTask (8 handlers)
[GIN-debug] GET    /api/v1/admin/tasks/stats --> oneclickvirt/api/v1/admin.GetTaskStats (8 handlers)
[GIN-debug] GET    /api/v1/admin/tasks/overall-stats --> oneclickvirt/api/v1/admin.GetTaskOverallStats (8 handlers)
[GIN-debug] POST   /api/v1/admin/tasks/:taskId/cancel --> oneclickvirt/api/v1/admin.CancelUserTaskByAdmin (8 handlers)
[GIN-debug] GET    /api/v1/admin/system-images --> oneclickvirt/api/v1/system.GetSystemImageList (8 handlers)
[GIN-debug] POST   /api/v1/admin/system-images --> oneclickvirt/api/v1/system.CreateSystemImage (8 handlers)
[GIN-debug] PUT    /api/v1/admin/system-images/:id --> oneclickvirt/api/v1/system.UpdateSystemImage (8 handlers)
[GIN-debug] DELETE /api/v1/admin/system-images/:id --> oneclickvirt/api/v1/system.DeleteSystemImage (8 handlers)
[GIN-debug] POST   /api/v1/admin/system-images/batch-delete --> oneclickvirt/api/v1/system.BatchDeleteSystemImages (8 handlers)
[GIN-debug] PUT    /api/v1/admin/system-images/batch-status --> oneclickvirt/api/v1/system.BatchUpdateSystemImageStatus (8 handlers)
[GIN-debug] GET    /api/v1/admin/port-mappings --> oneclickvirt/api/v1/admin.GetPortMappingList (8 handlers)
[GIN-debug] POST   /api/v1/admin/port-mappings --> oneclickvirt/api/v1/admin.CreatePortMapping (8 handlers)
[GIN-debug] DELETE /api/v1/admin/port-mappings/:id --> oneclickvirt/api/v1/admin.DeletePortMapping (8 handlers)
[GIN-debug] POST   /api/v1/admin/port-mappings/batch-delete --> oneclickvirt/api/v1/admin.BatchDeletePortMapping (8 handlers)
[GIN-debug] POST   /api/v1/admin/ports/check --> oneclickvirt/api/v1/admin.CheckPortAvailability (8 handlers)
[GIN-debug] PUT    /api/v1/admin/providers/:id/port-config --> oneclickvirt/api/v1/admin.UpdateProviderPortConfig (8 handlers)
[GIN-debug] GET    /api/v1/admin/providers/:id/port-usage --> oneclickvirt/api/v1/admin.GetProviderPortUsage (8 handlers)
[GIN-debug] GET    /api/v1/admin/instances/:id/port-mappings --> oneclickvirt/api/v1/admin.GetInstancePortMappings (8 handlers)
[GIN-debug] GET    /api/v1/admin/traffic/overview --> oneclickvirt/api/v1/traffic.(*AdminTrafficAPI).GetSystemTrafficOverview-fm (8 handlers)
[GIN-debug] GET    /api/v1/admin/traffic/provider/:providerId --> oneclickvirt/api/v1/traffic.(*AdminTrafficAPI).GetProviderTrafficStats-fm (8 handlers)
[GIN-debug] GET    /api/v1/admin/traffic/user/:userId --> oneclickvirt/api/v1/traffic.(*AdminTrafficAPI).GetUserTrafficStats-fm (8 handlers)
[GIN-debug] GET    /api/v1/admin/traffic/users/rank --> oneclickvirt/api/v1/traffic.(*AdminTrafficAPI).GetAllUsersTrafficRank-fm (8 handlers)
[GIN-debug] POST   /api/v1/admin/traffic/manage --> oneclickvirt/api/v1/traffic.(*AdminTrafficAPI).ManageTrafficLimits-fm (8 handlers)
[GIN-debug] POST   /api/v1/admin/traffic/batch-manage --> oneclickvirt/api/v1/traffic.(*AdminTrafficAPI).BatchManageTrafficLimits-fm (8 handlers)
[GIN-debug] POST   /api/v1/admin/traffic/batch-sync --> oneclickvirt/api/v1/traffic.(*AdminTrafficAPI).BatchSyncUserTraffic-fm (8 handlers)
[GIN-debug] DELETE /api/v1/admin/traffic/user/:userId/clear --> oneclickvirt/api/v1/traffic.(*AdminTrafficAPI).ClearUserTrafficRecords-fm (8 handlers)
[GIN-debug] GET    /api/v1/admin/providers/:id/traffic/history --> oneclickvirt/api/v1/traffic.GetProviderTrafficHistory (8 handlers)
[GIN-debug] POST   /api/v1/admin/providers/traffic-monitor --> oneclickvirt/api/v1/admin.TrafficMonitorOperation (8 handlers)
[GIN-debug] GET    /api/v1/admin/providers/traffic-monitor/tasks --> oneclickvirt/api/v1/admin.GetTrafficMonitorTaskList (8 handlers)
[GIN-debug] GET    /api/v1/admin/providers/traffic-monitor/tasks/:id --> oneclickvirt/api/v1/admin.GetTrafficMonitorTaskDetail (8 handlers)
[GIN-debug] GET    /api/v1/admin/providers/traffic-monitor/latest --> oneclickvirt/api/v1/admin.GetLatestTrafficMonitorTask (8 handlers)
[GIN-debug] GET    /api/v1/admin/site-configs --> oneclickvirt/api/v1/admin.GetSiteConfigs (8 handlers)
[GIN-debug] GET    /api/v1/admin/site-configs/:key --> oneclickvirt/api/v1/admin.GetSiteConfig (8 handlers)
[GIN-debug] PUT    /api/v1/admin/site-configs --> oneclickvirt/api/v1/admin.UpdateSiteConfigs (8 handlers)
[GIN-debug] POST   /api/v1/admin/site-configs/initialize --> oneclickvirt/api/v1/admin.InitializeSiteConfigs (8 handlers)
[GIN-debug] GET    /api/v1/admin/products    --> oneclickvirt/api/v1/admin.GetProducts (8 handlers)
[GIN-debug] POST   /api/v1/admin/products    --> oneclickvirt/api/v1/admin.CreateProduct (8 handlers)
[GIN-debug] PUT    /api/v1/admin/products/:id --> oneclickvirt/api/v1/admin.UpdateProduct (8 handlers)
[GIN-debug] DELETE /api/v1/admin/products/:id --> oneclickvirt/api/v1/admin.DeleteProduct (8 handlers)
[GIN-debug] PUT    /api/v1/admin/products/:id/toggle --> oneclickvirt/api/v1/admin.ToggleProduct (8 handlers)
[GIN-debug] PUT    /api/v1/admin/products/:id/stock --> oneclickvirt/api/v1/admin.UpdateProductStock (8 handlers)
[GIN-debug] GET    /api/v1/admin/redemption-codes --> oneclickvirt/api/v1/admin.GetRedemptionCodes (8 handlers)
[GIN-debug] POST   /api/v1/admin/redemption-codes --> oneclickvirt/api/v1/admin.CreateRedemptionCode (8 handlers)
[GIN-debug] POST   /api/v1/admin/redemption-codes/generate --> oneclickvirt/api/v1/admin.GenerateRedemptionCodes (8 handlers)
[GIN-debug] DELETE /api/v1/admin/redemption-codes/:id --> oneclickvirt/api/v1/admin.DeleteRedemptionCode (8 handlers)
[GIN-debug] GET    /api/v1/admin/redemption-codes/:id/usages --> oneclickvirt/api/v1/admin.GetRedemptionCodeUsages (8 handlers)
[GIN-debug] PUT    /api/v1/admin/redemption-codes/:id/toggle --> oneclickvirt/api/v1/admin.ToggleRedemptionCode (8 handlers)
[GIN-debug] GET    /api/v1/admin/domains     --> oneclickvirt/api/v1/admin.AdminGetDomains (8 handlers)
[GIN-debug] DELETE /api/v1/admin/domains/:id --> oneclickvirt/api/v1/admin.AdminDeleteDomain (8 handlers)
[GIN-debug] GET    /api/v1/admin/domain-config --> oneclickvirt/api/v1/admin.GetDomainConfig (8 handlers)
[GIN-debug] PUT    /api/v1/admin/domain-config --> oneclickvirt/api/v1/admin.UpdateDomainConfig (8 handlers)
[GIN-debug] POST   /api/v1/admin/domains/sync-dns --> oneclickvirt/api/v1/admin.SyncDNS (8 handlers)
[GIN-debug] GET    /api/v1/admin/orders      --> oneclickvirt/api/v1/admin.GetOrders (8 handlers)
[GIN-debug] GET    /api/v1/admin/orders/:id  --> oneclickvirt/api/v1/admin.GetOrder (8 handlers)
[GIN-debug] DELETE /api/v1/admin/orders/:id  --> oneclickvirt/api/v1/admin.DeleteOrder (8 handlers)
[GIN-debug] POST   /api/v1/admin/orders/:id/cancel --> oneclickvirt/api/v1/admin.CancelOrder (8 handlers)
[GIN-debug] POST   /api/v1/admin/orders/:id/refund --> oneclickvirt/api/v1/admin.RefundOrder (8 handlers)
[GIN-debug] GET    /api/v1/admin/agents      --> oneclickvirt/api/v1/admin.GetAgentList (8 handlers)
[GIN-debug] POST   /api/v1/admin/agents      --> oneclickvirt/api/v1/admin.CreateAgentByAdmin (8 handlers)
[GIN-debug] PUT    /api/v1/admin/agents/:id  --> oneclickvirt/api/v1/admin.UpdateAgentByAdmin (8 handlers)
[GIN-debug] DELETE /api/v1/admin/agents/:id  --> oneclickvirt/api/v1/admin.DeleteAgent (8 handlers)
[GIN-debug] POST   /api/v1/admin/agents/:id/approve --> oneclickvirt/api/v1/admin.ApproveAgent (8 handlers)
[GIN-debug] PUT    /api/v1/admin/agents/:id/status --> oneclickvirt/api/v1/admin.UpdateAgentStatus (8 handlers)
[GIN-debug] PUT    /api/v1/admin/agents/:id/commission --> oneclickvirt/api/v1/admin.AdjustCommission (8 handlers)
[GIN-debug] GET    /api/v1/admin/agents/:id/detail --> oneclickvirt/api/v1/admin.GetAgentDetail (8 handlers)
[GIN-debug] GET    /api/v1/admin/agents/:id/sub-users --> oneclickvirt/api/v1/admin.GetAgentSubUsers (8 handlers)
[GIN-debug] POST   /api/v1/admin/commissions/:id/settle --> oneclickvirt/api/v1/admin.SettleCommission (8 handlers)
[GIN-debug] GET    /api/v1/admin/kyc/records --> oneclickvirt/api/v1/admin.GetKYCRecords (8 handlers)
[GIN-debug] PUT    /api/v1/admin/kyc/:id/status --> oneclickvirt/api/v1/admin.UpdateKYCStatus (8 handlers)
[GIN-debug] GET    /api/v1/admin/kyc/stats   --> oneclickvirt/api/v1/admin.GetKYCStats (8 handlers)
[GIN-debug] GET    /api/v1/oauth2/providers  --> oneclickvirt/api/v1/oauth2.GetProviders (8 handlers)
[GIN-debug] GET    /api/v1/oauth2/providers/:id --> oneclickvirt/api/v1/oauth2.GetProvider (8 handlers)
[GIN-debug] POST   /api/v1/oauth2/providers  --> oneclickvirt/api/v1/oauth2.CreateProvider (8 handlers)
[GIN-debug] PUT    /api/v1/oauth2/providers/:id --> oneclickvirt/api/v1/oauth2.UpdateProvider (8 handlers)
[GIN-debug] DELETE /api/v1/oauth2/providers/:id --> oneclickvirt/api/v1/oauth2.DeleteProvider (8 handlers)
[GIN-debug] POST   /api/v1/oauth2/providers/:id/reset-count --> oneclickvirt/api/v1/oauth2.ResetRegistrationCount (8 handlers)
[GIN-debug] GET    /api/v1/oauth2/presets    --> oneclickvirt/api/v1/oauth2.GetPresets (8 handlers)
[GIN-debug] GET    /api/v1/oauth2/presets/:name --> oneclickvirt/api/v1/oauth2.GetPreset (8 handlers)
[GIN-debug] POST   /api/v1/payment/alipay/notify --> oneclickvirt/api/v1/payment.AlipayNotify (6 handlers)
[GIN-debug] POST   /api/v1/payment/wechat/notify --> oneclickvirt/api/v1/payment.WechatNotify (6 handlers)
[GIN-debug] POST   /api/v1/payment/epay/notify --> oneclickvirt/api/v1/payment.EpayNotify (6 handlers)
[GIN-debug] GET    /api/v1/payment/epay/notify --> oneclickvirt/api/v1/payment.EpayNotify (6 handlers)
[GIN-debug] POST   /api/v1/payment/mapay/notify --> oneclickvirt/api/v1/payment.MapayNotify (6 handlers)
[GIN-debug] GET    /api/v1/resources/virtualization/providers --> oneclickvirt/api/v1/system.GetProviders (9 handlers)
[GIN-debug] GET    /api/v1/providers/        --> oneclickvirt/api/v1/provider.(*ProviderApi).GetProviders-fm (8 handlers)
[GIN-debug] POST   /api/v1/providers/connect --> oneclickvirt/api/v1/provider.(*ProviderApi).ConnectProvider-fm (8 handlers)
[GIN-debug] GET    /api/v1/providers/:id/status --> oneclickvirt/api/v1/provider.(*ProviderApi).GetProviderStatus-fm (8 handlers)
[GIN-debug] GET    /api/v1/providers/:id/capabilities --> oneclickvirt/api/v1/provider.(*ProviderApi).GetProviderCapabilities-fm (8 handlers)
[GIN-debug] GET    /api/v1/providers/:id/instances --> oneclickvirt/api/v1/provider.(*ProviderApi).ListInstances-fm (8 handlers)
[GIN-debug] POST   /api/v1/providers/:id/instances --> oneclickvirt/api/v1/provider.(*ProviderApi).CreateInstance-fm (8 handlers)
[GIN-debug] GET    /api/v1/providers/:id/instances/:name --> oneclickvirt/api/v1/provider.(*ProviderApi).GetInstance-fm (8 handlers)
[GIN-debug] POST   /api/v1/providers/:id/instances/:name/start --> oneclickvirt/api/v1/provider.(*ProviderApi).StartInstance-fm (8 handlers)
[GIN-debug] POST   /api/v1/providers/:id/instances/:name/stop --> oneclickvirt/api/v1/provider.(*ProviderApi).StopInstance-fm (8 handlers)
[GIN-debug] DELETE /api/v1/providers/:id/instances/:name --> oneclickvirt/api/v1/provider.(*ProviderApi).DeleteInstance-fm (8 handlers)
[GIN-debug] GET    /api/v1/providers/:id/images --> oneclickvirt/api/v1/provider.(*ProviderApi).ListImages-fm (8 handlers)
[GIN-debug] POST   /api/v1/providers/:id/images/pull --> oneclickvirt/api/v1/provider.(*ProviderApi).PullImage-fm (8 handlers)
[GIN-debug] DELETE /api/v1/providers/:id/images/:image --> oneclickvirt/api/v1/provider.(*ProviderApi).DeleteImage-fm (8 handlers)
[GIN-debug] POST   /api/v1/agent/apply       --> oneclickvirt/api/v1/agent.CreateAgent (8 handlers)
[GIN-debug] GET    /api/v1/agent/profile     --> oneclickvirt/api/v1/agent.GetProfile (8 handlers)
[GIN-debug] PUT    /api/v1/agent/profile     --> oneclickvirt/api/v1/agent.UpdateProfile (9 handlers)
[GIN-debug] GET    /api/v1/agent/sub-users   --> oneclickvirt/api/v1/agent.GetSubUsers (9 handlers)
[GIN-debug] DELETE /api/v1/agent/sub-users/:userId --> oneclickvirt/api/v1/agent.DeleteSubUser (9 handlers)
[GIN-debug] PUT    /api/v1/agent/sub-users/batch-status --> oneclickvirt/api/v1/agent.BatchUpdateSubUserStatus (9 handlers)
[GIN-debug] POST   /api/v1/agent/sub-users/batch-delete --> oneclickvirt/api/v1/agent.BatchDeleteSubUsers (9 handlers)
[GIN-debug] GET    /api/v1/agent/statistics  --> oneclickvirt/api/v1/agent.GetStatistics (9 handlers)
[GIN-debug] GET    /api/v1/agent/commissions --> oneclickvirt/api/v1/agent.GetCommissions (9 handlers)
[GIN-debug] GET    /api/v1/agent/wallet      --> oneclickvirt/api/v1/agent.GetWallet (9 handlers)
[GIN-debug] GET    /api/v1/agent/wallet/transactions --> oneclickvirt/api/v1/agent.GetWalletTransactions (9 handlers)
[GIN-debug] POST   /api/v1/agent/wallet/withdraw --> oneclickvirt/api/v1/agent.Withdraw (9 handlers)
[SUCCESS] 服务器启动成功，监听端口: 8890
[INFO] API文档路径: /swagger/index.html
[oneclickvirt]2026/03/12 - 13:12:15.040	info	服务器启动成功	{"port": 8890}
